# JRE version: Java(TM) SE Runtime Environment (8.0_191-b12) (build 1.8.0_191-b12)
# Java VM: Java HotSpot(TM) 64-Bit Server VM (25.191-b12 mixed mode linux-amd64 compressed oops)
Heap:
 PSYoungGen      total 4732928K, used 0K [0x000000069c580000, 0x00000007bf880000, 0x00000007c0000000)
  eden space 4705280K, 0% used [0x000000069c580000,0x000000069c580000,0x00000007bb880000)
  from space 27648K, 0% used [0x00000007bdd80000,0x00000007bdd80000,0x00000007bf880000)
  to   space 32768K, 0% used [0x00000007bb880000,0x00000007bb880000,0x00000007bd880000)
 ParOldGen       total 8730112K, used 5986653K [0x0000000455000000, 0x0000000669d80000, 0x000000069c580000)
  object space 8730112K, 68% used [0x0000000455000000,0x00000005c2657668,0x0000000669d80000)
 Metaspace       used 3740K, capacity 4606K, committed 4864K, reserved 1056768K
  class space    used 406K, capacity 430K, committed 512K, reserved 1048576K
GC Heap History (10 events):
Event: 492,907 GC heap after
Heap after GC invocations=807 (full 53):
 PSYoungGen      total 4716544K, used 1664K [0x000000069c580000, 0x00000007bf580000, 0x00000007c0000000)
  eden space 4679680K, 0% used [0x000000069c580000,0x000000069c580000,0x00000007b9f80000)
  from space 36864K, 4% used [0x00000007bd180000,0x00000007bd320038,0x00000007bf580000)
  to   space 44032K, 0% used [0x00000007b9f80000,0x00000007b9f80000,0x00000007bca80000)
 ParOldGen       total 8730112K, used 8107679K [0x0000000455000000, 0x0000000669d80000, 0x000000069c580000)
  object space 8730112K, 92% used [0x0000000455000000,0x0000000643da7d78,0x0000000669d80000)
 Metaspace       used 3740K, capacity 4606K, committed 4864K, reserved 1056768K
  class space    used 406K, capacity 430K, committed 512K, reserved 1048576K
}
Event: 493,530 GC heap before
{Heap before GC invocations=808 (full 53):
 PSYoungGen      total 4716544K, used 4591346K [0x000000069c580000, 0x00000007bf580000, 0x00000007c0000000)
  eden space 4679680K, 98% used [0x000000069c580000,0x00000007b479cbb8,0x00000007b9f80000)
  from space 36864K, 4% used [0x00000007bd180000,0x00000007bd320038,0x00000007bf580000)
  to   space 44032K, 0% used [0x00000007b9f80000,0x00000007b9f80000,0x00000007bca80000)
 ParOldGen       total 8730112K, used 8107679K [0x0000000455000000, 0x0000000669d80000, 0x000000069c580000)
  object space 8730112K, 92% used [0x0000000455000000,0x0000000643da7d78,0x0000000669d80000)
 Metaspace       used 3740K, capacity 4606K, committed 4864K, reserved 1056768K
  class space    used 406K, capacity 430K, committed 512K, reserved 1048576K
Event: 493,546 GC heap after
Heap after GC invocations=808 (full 53):
 PSYoungGen      total 4723712K, used 1696K [0x000000069c580000, 0x00000007c0000000, 0x00000007c0000000)
  eden space 4679680K, 0% used [0x000000069c580000,0x000000069c580000,0x00000007b9f80000)
  from space 44032K, 3% used [0x00000007b9f80000,0x00000007ba128038,0x00000007bca80000)
  to   space 40960K, 0% used [0x00000007bd800000,0x00000007bd800000,0x00000007c0000000)
 ParOldGen       total 8730112K, used 8107719K [0x0000000455000000, 0x0000000669d80000, 0x000000069c580000)
  object space 8730112K, 92% used [0x0000000455000000,0x0000000643db1d78,0x0000000669d80000)
 Metaspace       used 3740K, capacity 4606K, committed 4864K, reserved 1056768K
  class space    used 406K, capacity 430K, committed 512K, reserved 1048576K
}
Event: 494,166 GC heap before
{Heap before GC invocations=809 (full 53):
 PSYoungGen      total 4723712K, used 4596039K [0x000000069c580000, 0x00000007c0000000, 0x00000007c0000000)
  eden space 4679680K, 98% used [0x000000069c580000,0x00000007b4c29ec8,0x00000007b9f80000)
  from space 44032K, 3% used [0x00000007b9f80000,0x00000007ba128038,0x00000007bca80000)
  to   space 40960K, 0% used [0x00000007bd800000,0x00000007bd800000,0x00000007c0000000)
 ParOldGen       total 8730112K, used 8107719K [0x0000000455000000, 0x0000000669d80000, 0x000000069c580000)
  object space 8730112K, 92% used [0x0000000455000000,0x0000000643db1d78,0x0000000669d80000)
 Metaspace       used 3740K, capacity 4606K, committed 4864K, reserved 1056768K
  class space    used 406K, capacity 430K, committed 512K, reserved 1048576K
Event: 494,358 GC heap after
Heap after GC invocations=809 (full 53):
 PSYoungGen      total 4725248K, used 1184K [0x000000069c580000, 0x00000007bf700000, 0x00000007c0000000)
  eden space 4693504K, 0% used [0x000000069c580000,0x000000069c580000,0x00000007bad00000)
  from space 31744K, 3% used [0x00000007bd800000,0x00000007bd928028,0x00000007bf700000)
  to   space 37888K, 0% used [0x00000007bad00000,0x00000007bad00000,0x00000007bd200000)
 ParOldGen       total 8730112K, used 8291552K [0x0000000455000000, 0x0000000669d80000, 0x000000069c580000)
  object space 8730112K, 94% used [0x0000000455000000,0x000000064f138058,0x0000000669d80000)
 Metaspace       used 3740K, capacity 4606K, committed 4864K, reserved 1056768K
  class space    used 406K, capacity 430K, committed 512K, reserved 1048576K
}
Event: 494,982 GC heap before
{Heap before GC invocations=810 (full 53):
 PSYoungGen      total 4725248K, used 4644484K [0x000000069c580000, 0x00000007bf700000, 0x00000007c0000000)
  eden space 4693504K, 98% used [0x000000069c580000,0x00000007b7bf9070,0x00000007bad00000)
  from space 31744K, 3% used [0x00000007bd800000,0x00000007bd928028,0x00000007bf700000)
  to   space 37888K, 0% used [0x00000007bad00000,0x00000007bad00000,0x00000007bd200000)
 ParOldGen       total 8730112K, used 8291552K [0x0000000455000000, 0x0000000669d80000, 0x000000069c580000)
  object space 8730112K, 94% used [0x0000000455000000,0x000000064f138058,0x0000000669d80000)
 Metaspace       used 3740K, capacity 4606K, committed 4864K, reserved 1056768K
  class space    used 406K, capacity 430K, committed 512K, reserved 1048576K
Event: 495,229 GC heap after
Heap after GC invocations=810 (full 53):
 PSYoungGen      total 4731392K, used 1184K [0x000000069c580000, 0x00000007c0000000, 0x00000007c0000000)
  eden space 4693504K, 0% used [0x000000069c580000,0x000000069c580000,0x00000007bad00000)
  from space 37888K, 3% used [0x00000007bad00000,0x00000007bae28028,0x00000007bd200000)
  to   space 35328K, 0% used [0x00000007bdd80000,0x00000007bdd80000,0x00000007c0000000)
 ParOldGen       total 8730112K, used 8477456K [0x0000000455000000, 0x0000000669d80000, 0x000000069c580000)
  object space 8730112K, 97% used [0x0000000455000000,0x000000065a6c4340,0x0000000669d80000)
 Metaspace       used 3740K, capacity 4606K, committed 4864K, reserved 1056768K
  class space    used 406K, capacity 430K, committed 512K, reserved 1048576K
}
Event: 495,909 GC heap before
{Heap before GC invocations=811 (full 53):
 PSYoungGen      total 4731392K, used 4667816K [0x000000069c580000, 0x00000007c0000000, 0x00000007c0000000)
  eden space 4693504K, 99% used [0x000000069c580000,0x00000007b92c21c0,0x00000007bad00000)
  from space 37888K, 3% used [0x00000007bad00000,0x00000007bae28028,0x00000007bd200000)
  to   space 35328K, 0% used [0x00000007bdd80000,0x00000007bdd80000,0x00000007c0000000)
 ParOldGen       total 8730112K, used 8477456K [0x0000000455000000, 0x0000000669d80000, 0x000000069c580000)
  object space 8730112K, 97% used [0x0000000455000000,0x000000065a6c4340,0x0000000669d80000)
 Metaspace       used 3740K, capacity 4606K, committed 4864K, reserved 1056768K
  class space    used 406K, capacity 430K, committed 512K, reserved 1048576K
Event: 496,121 GC heap after
Heap after GC invocations=811 (full 53):
 PSYoungGen      total 4732928K, used 1184K [0x000000069c580000, 0x00000007bf880000, 0x00000007c0000000)
  eden space 4705280K, 0% used [0x000000069c580000,0x000000069c580000,0x00000007bb880000)
  from space 27648K, 4% used [0x00000007bdd80000,0x00000007bdea8028,0x00000007bf880000)
  to   space 32768K, 0% used [0x00000007bb880000,0x00000007bb880000,0x00000007bd880000)
 ParOldGen       total 8730112K, used 8662825K [0x0000000455000000, 0x0000000669d80000, 0x000000069c580000)
  object space 8730112K, 99% used [0x0000000455000000,0x0000000665bca628,0x0000000669d80000)
 Metaspace       used 3740K, capacity 4606K, committed 4864K, reserved 1056768K
  class space    used 406K, capacity 430K, committed 512K, reserved 1048576K
}
Event: 496,122 GC heap before
{Heap before GC invocations=812 (full 54):
 PSYoungGen      total 4732928K, used 1184K [0x000000069c580000, 0x00000007bf880000, 0x00000007c0000000)
  eden space 4705280K, 0% used [0x000000069c580000,0x000000069c580000,0x00000007bb880000)
  from space 27648K, 4% used [0x00000007bdd80000,0x00000007bdea8028,0x00000007bf880000)
  to   space 32768K, 0% used [0x00000007bb880000,0x00000007bb880000,0x00000007bd880000)
 ParOldGen       total 8730112K, used 8662825K [0x0000000455000000, 0x0000000669d80000, 0x000000069c580000)
  object space 8730112K, 99% used [0x0000000455000000,0x0000000665bca628,0x0000000669d80000)
 Metaspace       used 3740K, capacity 4606K, committed 4864K, reserved 1056768K
  class space    used 406K, capacity 430K, committed 512K, reserved 1048576K

